{
"contracts\\_Galxe.sol":{"l":{"25":0,"26":0,"30":7,"31":6,"65":5,"66":5,"71":6,"72":6,"81":2,"82":2,"85":2,"86":2,"89":2,"103":2,"107":0,"108":0,"109":0,"115":0,"116":0,"118":0,"127":0,"130":0,"131":0,"132":0,"136":0,"137":0,"141":0,"144":0,"145":0,"148":0,"151":0,"165":0,"167":0,"168":0,"169":0,"170":0,"174":0,"182":0,"188":0,"191":0,"194":0,"227":1,"229":1,"231":1,"255":0,"256":0,"277":0,"279":0,"281":0},"path":"C:\\Users\\Hp\\Desktop\\ETHDELHI\\contracts\\_Galxe.sol","s":{"1":0,"2":7,"3":6,"4":2,"5":2,"6":2,"7":2,"8":0,"9":0,"10":0,"11":0,"12":0,"13":0,"14":0,"15":0,"16":0,"17":0,"18":0,"19":0,"20":0,"21":0,"22":0,"23":0,"24":0,"25":0,"26":0,"27":0,"28":0,"29":0,"30":1,"31":1,"32":1,"33":0,"34":0,"35":0,"36":0,"37":0},"b":{"1":[0,0],"2":[6,1],"3":[6,1],"4":[6,0],"5":[2,0],"6":[2,0],"7":[0,0],"8":[0,0],"9":[0,0],"10":[0,0],"11":[0,0],"12":[0,0],"13":[0,0],"14":[0,0],"15":[0,0],"16":[0,0],"17":[0,0],"18":[0,0],"19":[0,0],"20":[0,0],"21":[0,0],"22":[1,0],"23":[0,0],"24":[0,0]},"f":{"1":0,"2":7,"3":5,"4":6,"5":2,"6":0,"7":0,"8":0,"9":1,"10":0,"11":0},"fnMap":{"1":{"name":"onlyOracle","line":24,"loc":{"start":{"line":24,"column":4},"end":{"line":27,"column":4}}},"2":{"name":"onlyOwner","line":29,"loc":{"start":{"line":29,"column":4},"end":{"line":32,"column":4}}},"3":{"name":"constructor","line":64,"loc":{"start":{"line":64,"column":4},"end":{"line":67,"column":4}}},"4":{"name":"setOracle","line":70,"loc":{"start":{"line":70,"column":4},"end":{"line":73,"column":4}}},"5":{"name":"createCampaign","line":75,"loc":{"start":{"line":75,"column":4},"end":{"line":104,"column":4}}},"6":{"name":"closeCampaign","line":106,"loc":{"start":{"line":106,"column":4},"end":{"line":119,"column":4}}},"7":{"name":"publishResults","line":125,"loc":{"start":{"line":121,"column":4},"end":{"line":157,"column":4}}},"8":{"name":"claimReward","line":159,"loc":{"start":{"line":159,"column":4},"end":{"line":195,"column":4}}},"9":{"name":"getCampaign","line":211,"loc":{"start":{"line":211,"column":4},"end":{"line":243,"column":4}}},"10":{"name":"getCampaignStruct","line":250,"loc":{"start":{"line":250,"column":4},"end":{"line":257,"column":4}}},"11":{"name":"getCampaignStatus","line":267,"loc":{"start":{"line":267,"column":4},"end":{"line":287,"column":4}}}},"statementMap":{"1":{"start":{"line":25,"column":8},"end":{"line":25,"column":74}},"2":{"start":{"line":30,"column":8},"end":{"line":30,"column":72}},"3":{"start":{"line":71,"column":8},"end":{"line":71,"column":72}},"4":{"start":{"line":81,"column":8},"end":{"line":81,"column":75}},"5":{"start":{"line":82,"column":8},"end":{"line":82,"column":62}},"6":{"start":{"line":86,"column":8},"end":{"line":86,"column":45}},"7":{"start":{"line":103,"column":8},"end":{"line":103,"column":68}},"8":{"start":{"line":107,"column":8},"end":{"line":107,"column":72}},"9":{"start":{"line":108,"column":8},"end":{"line":108,"column":76}},"10":{"start":{"line":109,"column":8},"end":{"line":109,"column":3659}},"11":{"start":{"line":115,"column":8},"end":{"line":115,"column":64}},"12":{"start":{"line":118,"column":8},"end":{"line":118,"column":68}},"13":{"start":{"line":127,"column":8},"end":{"line":127,"column":57}},"14":{"start":{"line":130,"column":8},"end":{"line":130,"column":59}},"15":{"start":{"line":131,"column":8},"end":{"line":131,"column":59}},"16":{"start":{"line":132,"column":8},"end":{"line":132,"column":4519}},"17":{"start":{"line":136,"column":8},"end":{"line":136,"column":78}},"18":{"start":{"line":137,"column":8},"end":{"line":137,"column":4717}},"19":{"start":{"line":141,"column":8},"end":{"line":141,"column":72}},"20":{"start":{"line":151,"column":8},"end":{"line":151,"column":5217}},"21":{"start":{"line":165,"column":8},"end":{"line":165,"column":57}},"22":{"start":{"line":167,"column":8},"end":{"line":167,"column":59}},"23":{"start":{"line":168,"column":8},"end":{"line":168,"column":78}},"24":{"start":{"line":169,"column":8},"end":{"line":169,"column":77}},"25":{"start":{"line":170,"column":8},"end":{"line":170,"column":62}},"26":{"start":{"line":174,"column":8},"end":{"line":174,"column":6043}},"27":{"start":{"line":182,"column":8},"end":{"line":182,"column":6266}},"28":{"start":{"line":191,"column":8},"end":{"line":191,"column":64}},"29":{"start":{"line":194,"column":8},"end":{"line":194,"column":75}},"30":{"start":{"line":227,"column":8},"end":{"line":227,"column":88}},"31":{"start":{"line":229,"column":8},"end":{"line":229,"column":57}},"32":{"start":{"line":231,"column":8},"end":{"line":231,"column":8097}},"33":{"start":{"line":255,"column":8},"end":{"line":255,"column":88}},"34":{"start":{"line":256,"column":8},"end":{"line":256,"column":36}},"35":{"start":{"line":277,"column":8},"end":{"line":277,"column":88}},"36":{"start":{"line":279,"column":8},"end":{"line":279,"column":57}},"37":{"start":{"line":281,"column":8},"end":{"line":281,"column":9769}}},"branchMap":{"1":{"line":25,"type":"if","locations":[{"start":{"line":25,"column":8},"end":{"line":25,"column":8}},{"start":{"line":25,"column":8},"end":{"line":25,"column":8}}]},"2":{"line":30,"type":"if","locations":[{"start":{"line":30,"column":8},"end":{"line":30,"column":8}},{"start":{"line":30,"column":8},"end":{"line":30,"column":8}}]},"3":{"line":70,"type":"if","locations":[{"start":{"line":70,"column":51},"end":{"line":70,"column":51}},{"start":{"line":70,"column":51},"end":{"line":70,"column":51}}]},"4":{"line":71,"type":"if","locations":[{"start":{"line":71,"column":8},"end":{"line":71,"column":8}},{"start":{"line":71,"column":8},"end":{"line":71,"column":8}}]},"5":{"line":81,"type":"if","locations":[{"start":{"line":81,"column":8},"end":{"line":81,"column":8}},{"start":{"line":81,"column":8},"end":{"line":81,"column":8}}]},"6":{"line":82,"type":"if","locations":[{"start":{"line":82,"column":8},"end":{"line":82,"column":8}},{"start":{"line":82,"column":8},"end":{"line":82,"column":8}}]},"7":{"line":107,"type":"if","locations":[{"start":{"line":107,"column":8},"end":{"line":107,"column":8}},{"start":{"line":107,"column":8},"end":{"line":107,"column":8}}]},"8":{"line":108,"type":"if","locations":[{"start":{"line":108,"column":8},"end":{"line":108,"column":8}},{"start":{"line":108,"column":8},"end":{"line":108,"column":8}}]},"9":{"line":109,"type":"if","locations":[{"start":{"line":109,"column":8},"end":{"line":109,"column":8}},{"start":{"line":109,"column":8},"end":{"line":109,"column":8}}]},"10":{"line":125,"type":"if","locations":[{"start":{"line":125,"column":15},"end":{"line":125,"column":15}},{"start":{"line":125,"column":15},"end":{"line":125,"column":15}}]},"11":{"line":130,"type":"if","locations":[{"start":{"line":130,"column":8},"end":{"line":130,"column":8}},{"start":{"line":130,"column":8},"end":{"line":130,"column":8}}]},"12":{"line":131,"type":"if","locations":[{"start":{"line":131,"column":8},"end":{"line":131,"column":8}},{"start":{"line":131,"column":8},"end":{"line":131,"column":8}}]},"13":{"line":132,"type":"if","locations":[{"start":{"line":132,"column":8},"end":{"line":132,"column":8}},{"start":{"line":132,"column":8},"end":{"line":132,"column":8}}]},"14":{"line":136,"type":"if","locations":[{"start":{"line":136,"column":8},"end":{"line":136,"column":8}},{"start":{"line":136,"column":8},"end":{"line":136,"column":8}}]},"15":{"line":137,"type":"if","locations":[{"start":{"line":137,"column":8},"end":{"line":137,"column":8}},{"start":{"line":137,"column":8},"end":{"line":137,"column":8}}]},"16":{"line":141,"type":"if","locations":[{"start":{"line":141,"column":8},"end":{"line":141,"column":8}},{"start":{"line":141,"column":8},"end":{"line":141,"column":8}}]},"17":{"line":167,"type":"if","locations":[{"start":{"line":167,"column":8},"end":{"line":167,"column":8}},{"start":{"line":167,"column":8},"end":{"line":167,"column":8}}]},"18":{"line":168,"type":"if","locations":[{"start":{"line":168,"column":8},"end":{"line":168,"column":8}},{"start":{"line":168,"column":8},"end":{"line":168,"column":8}}]},"19":{"line":169,"type":"if","locations":[{"start":{"line":169,"column":8},"end":{"line":169,"column":8}},{"start":{"line":169,"column":8},"end":{"line":169,"column":8}}]},"20":{"line":170,"type":"if","locations":[{"start":{"line":170,"column":8},"end":{"line":170,"column":8}},{"start":{"line":170,"column":8},"end":{"line":170,"column":8}}]},"21":{"line":182,"type":"if","locations":[{"start":{"line":182,"column":8},"end":{"line":182,"column":8}},{"start":{"line":182,"column":8},"end":{"line":182,"column":8}}]},"22":{"line":227,"type":"if","locations":[{"start":{"line":227,"column":8},"end":{"line":227,"column":8}},{"start":{"line":227,"column":8},"end":{"line":227,"column":8}}]},"23":{"line":255,"type":"if","locations":[{"start":{"line":255,"column":8},"end":{"line":255,"column":8}},{"start":{"line":255,"column":8},"end":{"line":255,"column":8}}]},"24":{"line":277,"type":"if","locations":[{"start":{"line":277,"column":8},"end":{"line":277,"column":8}},{"start":{"line":277,"column":8},"end":{"line":277,"column":8}}]}}},
"contracts\\MockERC20.sol":{"l":{"17":5,"24":0},"path":"C:\\Users\\Hp\\Desktop\\ETHDELHI\\contracts\\MockERC20.sol","s":{"1":5,"2":0},"b":{},"f":{"1":5,"2":0},"fnMap":{"1":{"name":"constructor","line":16,"loc":{"start":{"line":12,"column":4},"end":{"line":18,"column":4}}},"2":{"name":"mint","line":23,"loc":{"start":{"line":23,"column":4},"end":{"line":25,"column":4}}}},"statementMap":{"1":{"start":{"line":17,"column":8},"end":{"line":17,"column":39}},"2":{"start":{"line":24,"column":8},"end":{"line":24,"column":24}}},"branchMap":{}}}
