TN:
SF:C:\Users\Hp\Desktop\ETHDELHI\contracts\_Galxe.sol
FN:24,onlyOracle
FN:29,onlyOwner
FN:64,constructor
FN:70,setOracle
FN:75,createCampaign
FN:106,closeCampaign
FN:125,publishResults
FN:159,claimReward
FN:211,getCampaign
FN:250,getCampaignStruct
FN:267,getCampaignStatus
FNF:11
FNH:5
FNDA:0,onlyOracle
FNDA:7,onlyOwner
FNDA:5,constructor
FNDA:6,setOracle
FNDA:2,createCampaign
FNDA:0,closeCampaign
FNDA:0,publishResults
FNDA:0,claimReward
FNDA:1,getCampaign
FNDA:0,getCampaignStruct
FNDA:0,getCampaignStatus
DA:25,0
DA:26,0
DA:30,7
DA:31,6
DA:65,5
DA:66,5
DA:71,6
DA:72,6
DA:81,2
DA:82,2
DA:85,2
DA:86,2
DA:89,2
DA:103,2
DA:107,0
DA:108,0
DA:109,0
DA:115,0
DA:116,0
DA:118,0
DA:127,0
DA:130,0
DA:131,0
DA:132,0
DA:136,0
DA:137,0
DA:141,0
DA:144,0
DA:145,0
DA:148,0
DA:151,0
DA:165,0
DA:167,0
DA:168,0
DA:169,0
DA:170,0
DA:174,0
DA:182,0
DA:188,0
DA:191,0
DA:194,0
DA:227,1
DA:229,1
DA:231,1
DA:255,0
DA:256,0
DA:277,0
DA:279,0
DA:281,0
LF:49
LH:15
BRDA:25,1,0,0
BRDA:25,1,1,0
BRDA:30,2,0,6
BRDA:30,2,1,1
BRDA:70,3,0,6
BRDA:70,3,1,1
BRDA:71,4,0,6
BRDA:71,4,1,0
BRDA:81,5,0,2
BRDA:81,5,1,0
BRDA:82,6,0,2
BRDA:82,6,1,0
BRDA:107,7,0,0
BRDA:107,7,1,0
BRDA:108,8,0,0
BRDA:108,8,1,0
BRDA:109,9,0,0
BRDA:109,9,1,0
BRDA:125,10,0,0
BRDA:125,10,1,0
BRDA:130,11,0,0
BRDA:130,11,1,0
BRDA:131,12,0,0
BRDA:131,12,1,0
BRDA:132,13,0,0
BRDA:132,13,1,0
BRDA:136,14,0,0
BRDA:136,14,1,0
BRDA:137,15,0,0
BRDA:137,15,1,0
BRDA:141,16,0,0
BRDA:141,16,1,0
BRDA:167,17,0,0
BRDA:167,17,1,0
BRDA:168,18,0,0
BRDA:168,18,1,0
BRDA:169,19,0,0
BRDA:169,19,1,0
BRDA:170,20,0,0
BRDA:170,20,1,0
BRDA:182,21,0,0
BRDA:182,21,1,0
BRDA:227,22,0,1
BRDA:227,22,1,0
BRDA:255,23,0,0
BRDA:255,23,1,0
BRDA:277,24,0,0
BRDA:277,24,1,0
BRF:48
BRH:8
end_of_record
TN:
SF:C:\Users\Hp\Desktop\ETHDELHI\contracts\MockERC20.sol
FN:16,constructor
FN:23,mint
FNF:2
FNH:1
FNDA:5,constructor
FNDA:0,mint
DA:17,5
DA:24,0
LF:2
LH:1
BRF:0
BRH:0
end_of_record
